<?xml version="1.0" encoding="utf-8"?><testsuites name="pytest tests"><testsuite name="pytest" errors="0" failures="0" skipped="0" tests="21" time="4.581" timestamp="2026-05-05T13:17:58.205058+00:00" hostname="agent-env-9fb6ed97-235d-4ed9-bbde-adddb47d048c"><testcase classname="backend.tests.test_cloud_billing_and_copy_trading.TestAuthGuards" name="test_admin_endpoint_rejects_no_token" time="0.972" /><testcase classname="backend.tests.test_cloud_billing_and_copy_trading.TestAuthGuards" name="test_admin_endpoint_rejects_bad_token" time="0.130" /><testcase classname="backend.tests.test_cloud_billing_and_copy_trading.TestAuthGuards" name="test_cloud_user_endpoint_rejects_no_cookie" time="0.159" /><testcase classname="backend.tests.test_cloud_billing_and_copy_trading.TestAuthGuards" name="test_agent_endpoint_rejects_bad_token" time="0.131" /><testcase classname="backend.tests.test_cloud_billing_and_copy_trading.TestCloudConfig" name="test_config_returns_plans_fx_country" time="0.133" /><testcase classname="backend.tests.test_cloud_billing_and_copy_trading.TestCloudConfig" name="test_config_default_currency_is_usd" time="0.116" /><testcase classname="backend.tests.test_cloud_billing_and_copy_trading.TestAdminSettingsUpdate" name="test_update_plans_and_fx_rates_reflected" time="0.267" /><testcase classname="backend.tests.test_cloud_billing_and_copy_trading.TestPaymentsSubmit" name="test_rejects_fiat_method" time="0.066" /><testcase classname="backend.tests.test_cloud_billing_and_copy_trading.TestPaymentsSubmit" name="test_bank_requires_proof_image" time="0.061" /><testcase classname="backend.tests.test_cloud_billing_and_copy_trading.TestPaymentsSubmit" name="test_amount_validates_against_admin_overridden_price" time="0.062" /><testcase classname="backend.tests.test_cloud_billing_and_copy_trading.TestPaymentsSubmit" name="test_bank_payment_with_proof_succeeds_and_uses_admin_price" time="0.135" /><testcase classname="backend.tests.test_cloud_billing_and_copy_trading.TestUserOverride" name="test_rejects_unknown_plan" time="0.129" /><testcase classname="backend.tests.test_cloud_billing_and_copy_trading.TestUserOverride" name="test_set_custom_price_and_extend_days" time="0.135" /><testcase classname="backend.tests.test_cloud_billing_and_copy_trading.TestUserOverride" name="test_zero_custom_price_clears_override" time="0.135" /><testcase classname="backend.tests.test_cloud_billing_and_copy_trading.TestUserOverride" name="test_override_rejects_no_admin_token" time="0.135" /><testcase classname="backend.tests.test_cloud_billing_and_copy_trading.TestAdminStats" name="test_mrr_honors_custom_price" time="0.638" /><testcase classname="backend.tests.test_cloud_billing_and_copy_trading.TestMasterSignalAndFanout" name="test_master_signal_creates_signal" time="0.131" /><testcase classname="backend.tests.test_cloud_billing_and_copy_trading.TestMasterSignalAndFanout" name="test_pending_signals_returns_signal" time="0.131" /><testcase classname="backend.tests.test_cloud_billing_and_copy_trading.TestMasterSignalAndFanout" name="test_trade_open_success_inserts_real_trade" time="0.162" /><testcase classname="backend.tests.test_cloud_billing_and_copy_trading.TestMasterSignalAndFanout" name="test_trade_open_failure_only_logs_fanout" time="0.158" /><testcase classname="backend.tests.test_cloud_billing_and_copy_trading.TestMasterSignalAndFanout" name="test_admin_fanout_logs_returns_recent" time="0.412" /></testsuite></testsuites>